<?xml version="1.0" encoding="UTF-8"?>
<testsuite name="Create User API Test" tests="11" skipped="0" failures="0" errors="0" timestamp="2021-12-28T11:43:01" hostname="nuc10-i7-c4c8" time="8.241">
  <properties/>
  <testcase name="When register a user without Admin type, then user should not be created" classname="integration.tests.user.CreateUserTest" time="1.828"/>
  <testcase name="When register a user with null email, then user should not be created" classname="integration.tests.user.CreateUserTest" time="0.443"/>
  <testcase name="When register a user, then user should be saved with success" classname="integration.tests.user.CreateUserTest" time="1.008"/>
  <testcase name="When register a user with a Invalid Admin type, then user should not be created" classname="integration.tests.user.CreateUserTest" time="0.413"/>
  <testcase name="When register a user with null name, then user should not be created" classname="integration.tests.user.CreateUserTest" time="0.471"/>
  <testcase name="When register a user with a existent email, then user should not be created" classname="integration.tests.user.CreateUserTest" time="1.292"/>
  <testcase name="When register a Admin user, then user should be saved with success" classname="integration.tests.user.CreateUserTest" time="0.831"/>
  <testcase name="When register a user with a empty email, then user should not be created" classname="integration.tests.user.CreateUserTest" time="0.508"/>
  <testcase name="When register a user with a empty name, then user should not be created" classname="integration.tests.user.CreateUserTest" time="0.512"/>
  <testcase name="When register a user with empty password, then user should not be created" classname="integration.tests.user.CreateUserTest" time="0.413"/>
  <testcase name="When register a user with null password, then user should not be created" classname="integration.tests.user.CreateUserTest" time="0.509"/>
  <system-out><![CDATA[Request method:	POST
Request URI:	https://serverest.dev/usuarios/
Proxy:			<none>
Request params:	<none>
Query params:	<none>
Form params:	<none>
Path params:	<none>
Headers:		Accept=*/*
				Content-Type=application/json
Cookies:		<none>
Multiparts:		<none>
Body:
{
    "nome": "Cleotilde",
    "email": "joshua.leannon@gmail.com",
    "password": "teste",
    "administrador": ""
}
Request method:	POST
Request URI:	https://serverest.dev/usuarios/
Proxy:			<none>
Request params:	<none>
Query params:	<none>
Form params:	<none>
Path params:	<none>
Headers:		Accept=*/*
				Content-Type=application/json
Cookies:		<none>
Multiparts:		<none>
Body:
{
    "nome": "Ivory",
    "email": null,
    "password": "teste",
    "administrador": "true"
}
Request method:	POST
Request URI:	https://serverest.dev/usuarios/
Proxy:			<none>
Request params:	<none>
Query params:	<none>
Form params:	<none>
Path params:	<none>
Headers:		Accept=*/*
				Content-Type=application/json
Cookies:		<none>
Multiparts:		<none>
Body:
{
    "nome": "Max Ritchie DVM",
    "email": "son.bins@hotmail.com",
    "password": "test",
    "administrador": "false"
}
Request method:	POST
Request URI:	https://serverest.dev/usuarios/
Proxy:			<none>
Request params:	<none>
Query params:	<none>
Form params:	<none>
Path params:	<none>
Headers:		Accept=*/*
				Content-Type=application/json
Cookies:		<none>
Multiparts:		<none>
Body:
{
    "nome": "Reggie",
    "email": "darnell.heller@gmail.com",
    "password": "teste",
    "administrador": "teste"
}
Request method:	POST
Request URI:	https://serverest.dev/usuarios/
Proxy:			<none>
Request params:	<none>
Query params:	<none>
Form params:	<none>
Path params:	<none>
Headers:		Accept=*/*
				Content-Type=application/json
Cookies:		<none>
Multiparts:		<none>
Body:
{
    "nome": null,
    "email": "brady.halvorson@yahoo.com",
    "password": "teste",
    "administrador": "true"
}
Request method:	POST
Request URI:	https://serverest.dev/usuarios/
Proxy:			<none>
Request params:	<none>
Query params:	<none>
Form params:	<none>
Path params:	<none>
Headers:		Accept=*/*
				Content-Type=application/json
Cookies:		<none>
Multiparts:		<none>
Body:
{
    "nome": "Harold Strosin",
    "email": "malinda.crooks@yahoo.com",
    "password": "test",
    "administrador": "false"
}
Request method:	POST
Request URI:	https://serverest.dev/usuarios/
Proxy:			<none>
Request params:	<none>
Query params:	<none>
Form params:	<none>
Path params:	<none>
Headers:		Accept=*/*
				Content-Type=application/json
Cookies:		<none>
Multiparts:		<none>
Body:
{
    "nome": "Harold Strosin",
    "email": "malinda.crooks@yahoo.com",
    "password": "test",
    "administrador": "false"
}
Request method:	POST
Request URI:	https://serverest.dev/usuarios/
Proxy:			<none>
Request params:	<none>
Query params:	<none>
Form params:	<none>
Path params:	<none>
Headers:		Accept=*/*
				Content-Type=application/json
Cookies:		<none>
Multiparts:		<none>
Body:
{
    "nome": "Annalisa",
    "email": "lashanda.cruickshank@hotmail.com",
    "password": "teste",
    "administrador": "true"
}
Request method:	POST
Request URI:	https://serverest.dev/usuarios/
Proxy:			<none>
Request params:	<none>
Query params:	<none>
Form params:	<none>
Path params:	<none>
Headers:		Accept=*/*
				Content-Type=application/json
Cookies:		<none>
Multiparts:		<none>
Body:
{
    "nome": "Charolette",
    "email": "",
    "password": "teste",
    "administrador": "true"
}
Request method:	POST
Request URI:	https://serverest.dev/usuarios/
Proxy:			<none>
Request params:	<none>
Query params:	<none>
Form params:	<none>
Path params:	<none>
Headers:		Accept=*/*
				Content-Type=application/json
Cookies:		<none>
Multiparts:		<none>
Body:
{
    "nome": "",
    "email": "luetta.jaskolski@yahoo.com",
    "password": "teste",
    "administrador": "true"
}
Request method:	POST
Request URI:	https://serverest.dev/usuarios/
Proxy:			<none>
Request params:	<none>
Query params:	<none>
Form params:	<none>
Path params:	<none>
Headers:		Accept=*/*
				Content-Type=application/json
Cookies:		<none>
Multiparts:		<none>
Body:
{
    "nome": "Brady",
    "email": "anjelica.goldner@yahoo.com",
    "password": "",
    "administrador": "true"
}
Request method:	POST
Request URI:	https://serverest.dev/usuarios/
Proxy:			<none>
Request params:	<none>
Query params:	<none>
Form params:	<none>
Path params:	<none>
Headers:		Accept=*/*
				Content-Type=application/json
Cookies:		<none>
Multiparts:		<none>
Body:
{
    "nome": "Donald",
    "email": "greta.howe@gmail.com",
    "password": null,
    "administrador": "true"
}
]]></system-out>
  <system-err><![CDATA[]]></system-err>
</testsuite>
